/* Output:
onjava.ArrayShow
onjava.atunit.AtUnit$TestMethods
onjava.atunit.AtUnit
onjava.atunit.ClassNameFinder
onjava.atunit.Test
onjava.atunit.TestObjectCleanup
onjava.atunit.TestObjectCreate
onjava.atunit.TestProperty
onjava.BasicSupplier
onjava.CollectionMethodDifferences
onjava.ConvertTo
onjava.Count$Boolean
onjava.Count$Byte
onjava.Count$Character
onjava.Count$Double
onjava.Count$Float
onjava.Count$Integer
onjava.Count$Long
onjava.Count$Pboolean
onjava.Count$Pbyte
onjava.Count$Pchar
onjava.Count$Pdouble
onjava.Count$Pfloat
onjava.Count$Pint
onjava.Count$Plong
onjava.Count$Pshort
onjava.Count$Short
onjava.Count
onjava.CountingIntegerList
onjava.CountMap
onjava.Countries
onjava.Enums
onjava.FillMap
onjava.HTMLColors
onjava.MouseClick
onjava.Nap
onjava.Null
onjava.Operations
onjava.OSExecute
onjava.OSExecuteException
onjava.Pair
onjava.ProcessFiles$Strategy
onjava.ProcessFiles
onjava.Rand$Boolean
onjava.Rand$Byte
onjava.Rand$Character
onjava.Rand$Double
onjava.Rand$Float
onjava.Rand$Integer
onjava.Rand$Long
onjava.Rand$Pboolean
onjava.Rand$Pbyte
onjava.Rand$Pchar
onjava.Rand$Pdouble
onjava.Rand$Pfloat
onjava.Rand$Pint
onjava.Rand$Plong
onjava.Rand$Pshort
onjava.Rand$Short
onjava.Rand$String
onjava.Rand
onjava.Range
onjava.Repeat
onjava.RmDir
onjava.Sets
onjava.Stack
onjava.Suppliers
onjava.TimedAbort
onjava.Timer
onjava.Tuple
onjava.Tuple2
onjava.Tuple3
onjava.Tuple4
onjava.Tuple5
onjava.TypeCounter
